<?xml version="1.0" encoding="UTF-8"?>
<!-- Generated by org.testng.reporters.JUnitReportReporter -->
<testsuite hostname="DESKTOP-3SUJPVT" name="com.colanInfotech.TextNGBasics.TestNG_Basic_Annotations" tests="1" failures="0" timestamp="28 Sep 2018 14:05:37 GMT" time="0.016" errors="0">
  <testcase name="test5" time="0.016" classname="com.colanInfotech.TextNGBasics.TestNG_Basic_Annotations"/>
</testsuite> <!-- com.colanInfotech.TextNGBasics.TestNG_Basic_Annotations -->
