<?xml version="1.0" encoding="UTF-8"?>
<!-- Generated by org.testng.reporters.JUnitReportReporter -->
<testsuite hostname="DESKTOP-3SUJPVT" name="com.colanInfotech.TextNGBasics.TestNG_InvocationCount" tests="5" failures="0" timestamp="28 Sep 2018 17:08:00 GMT" time="0.013" errors="0">
  <testcase name="add" time="0.004" classname="com.colanInfotech.TextNGBasics.TestNG_InvocationCount"/>
  <testcase name="add" time="0.002" classname="com.colanInfotech.TextNGBasics.TestNG_InvocationCount"/>
  <testcase name="add" time="0.001" classname="com.colanInfotech.TextNGBasics.TestNG_InvocationCount"/>
  <testcase name="add" time="0.002" classname="com.colanInfotech.TextNGBasics.TestNG_InvocationCount"/>
  <testcase name="add" time="0.004" classname="com.colanInfotech.TextNGBasics.TestNG_InvocationCount"/>
</testsuite> <!-- com.colanInfotech.TextNGBasics.TestNG_InvocationCount -->
