<?xml version="1.0" encoding="UTF-8"?>
<!-- Generated by org.testng.reporters.JUnitReportReporter -->
<testsuite hostname="DESKTOP-3SUJPVT" name="com.testng.parameters.ParameterTest" tests="1" failures="0" timestamp="29 Sep 2018 15:26:10 GMT" time="52.591" errors="0">
  <testcase name="freeCRMLoginTest" time="52.591" classname="com.testng.parameters.ParameterTest"/>
</testsuite> <!-- com.testng.parameters.ParameterTest -->
