<?xml version="1.0" encoding="UTF-8"?>
<!-- Generated by org.testng.reporters.JUnitReportReporter -->
<testsuite hostname="DESKTOP-3SUJPVT" name="com.colanInfotech.TextNGBasics.TestNG_ExceptionTimedOut" tests="1" failures="0" timestamp="28 Sep 2018 17:08:00 GMT" time="0.001" errors="0">
  <testcase name="test1" time="0.001" classname="com.colanInfotech.TextNGBasics.TestNG_ExceptionTimedOut"/>
</testsuite> <!-- com.colanInfotech.TextNGBasics.TestNG_ExceptionTimedOut -->
