<?xml version="1.0" encoding="UTF-8"?>
<!-- Generated by org.testng.reporters.JUnitReportReporter -->
<testsuite hostname="DESKTOP-3SUJPVT" name="com.colanInfotech.TextNGBasics.TestNG_Priorities" tests="5" failures="0" timestamp="28 Sep 2018 17:08:00 GMT" time="0.016" errors="0">
  <testcase name="sample5" time="0.010" classname="com.colanInfotech.TextNGBasics.TestNG_Priorities"/>
  <testcase name="sample1" time="0.002" classname="com.colanInfotech.TextNGBasics.TestNG_Priorities"/>
  <testcase name="sample3" time="0.001" classname="com.colanInfotech.TextNGBasics.TestNG_Priorities"/>
  <testcase name="sample2" time="0.001" classname="com.colanInfotech.TextNGBasics.TestNG_Priorities"/>
  <testcase name="sample4" time="0.002" classname="com.colanInfotech.TextNGBasics.TestNG_Priorities"/>
</testsuite> <!-- com.colanInfotech.TextNGBasics.TestNG_Priorities -->
