<?xml version="1.0" encoding="UTF-8"?>
<!-- Generated by org.testng.reporters.JUnitReportReporter -->
<testsuite hostname="DESKTOP-3SUJPVT" name="com.colanInfotech.TextNGBasics.TestNG_Assertions" tests="2" failures="0" timestamp="28 Sep 2018 17:08:00 GMT" time="59.951" errors="0">
  <testcase name="logoTest" time="34.671" classname="com.colanInfotech.TextNGBasics.TestNG_Assertions"/>
  <testcase name="verifyAceTitleTest" time="25.280" classname="com.colanInfotech.TextNGBasics.TestNG_Assertions"/>
</testsuite> <!-- com.colanInfotech.TextNGBasics.TestNG_Assertions -->
