<?xml version="1.0" encoding="UTF-8"?>
<!-- Generated by org.testng.reporters.JUnitReportReporter -->
<testsuite hostname="DESKTOP-3SUJPVT" name="com.colanInfotech.TextNGBasics.TestNG_Parameters" tests="1" failures="0" timestamp="29 Sep 2018 03:54:28 GMT" time="41.399" errors="0">
  <testcase name="aceloginTest" time="41.399" classname="com.colanInfotech.TextNGBasics.TestNG_Parameters"/>
</testsuite> <!-- com.colanInfotech.TextNGBasics.TestNG_Parameters -->
