<?xml version="1.0" encoding="UTF-8"?>
<!-- Generated by org.testng.reporters.JUnitReportReporter -->
<testsuite hostname="DESKTOP-3SUJPVT" name="com.colanInfotech.TextNGBasics.Sample_TestNGTest" tests="1" failures="0" timestamp="28 Sep 2018 17:08:00 GMT" time="32.974" errors="0">
  <testcase name="verifyAceLoginTest" time="32.974" classname="com.colanInfotech.TextNGBasics.Sample_TestNGTest"/>
</testsuite> <!-- com.colanInfotech.TextNGBasics.Sample_TestNGTest -->
