<?xml version="1.0" encoding="UTF-8"?>
<!-- Generated by org.testng.reporters.JUnitReportReporter -->
<testsuite hostname="DESKTOP-3SUJPVT" name="com.colanInfotech.TextNGBasics.TestNG_Groups" tests="5" failures="0" timestamp="28 Sep 2018 17:08:00 GMT" time="0.015" errors="0">
  <testcase name="enterurl" time="0.002" classname="com.colanInfotech.TextNGBasics.TestNG_Groups"/>
  <testcase name="loginApp" time="0.002" classname="com.colanInfotech.TextNGBasics.TestNG_Groups"/>
  <testcase name="verfifyTitle" time="0.003" classname="com.colanInfotech.TextNGBasics.TestNG_Groups"/>
  <testcase name="login" time="0.006" classname="com.colanInfotech.TextNGBasics.TestNG_Groups"/>
  <testcase name="logout" time="0.002" classname="com.colanInfotech.TextNGBasics.TestNG_Groups"/>
</testsuite> <!-- com.colanInfotech.TextNGBasics.TestNG_Groups -->
